"../../../../../../Unreal Projects/Baseball_Prototype/Content/Bat/source/Baseball_Bat1.uasset" 0
"../../../Engine/Content/EngineMaterials/T_Default_Material_Grid_N.uasset" 1
"../../../Engine/Content/EngineMaterials/T_Default_Material_Grid_M.uasset" 2
"../../../Engine/Content/Functions/Engine_MaterialFunctions01/Opacity/CameraDepthFade.uasset" 3
"../../../Engine/Content/EngineMaterials/DefaultMaterial.uasset" 4
"../../../Engine/Content/BasicShapes/Sphere.uasset" 5
"../../../../../../Unreal Projects/Baseball_Prototype/Content/Baseball.uasset" 6
"../../../Engine/Content/EngineMeshes/Humanoid.uasset" 7
"../../../../../../Unreal Projects/Baseball_Prototype/Content/ThirdPersonBP/Baseball_Strike_Unreal_Skeleton.uasset" 8
"../../../Engine/Content/Animation/DefaultAnimCurveCompressionSettings.uasset" 9
"../../../Engine/Content/Animation/DefaultAnimBoneCompressionSettings.uasset" 10
"../../../../../../Unreal Projects/Baseball_Prototype/Content/Baseball_Bunt_mixamo_com.uasset" 11
"../../../../../../Unreal Projects/Baseball_Prototype/Content/Baseball_Bunt_Take_001.uasset" 12
"../../../../../../Unreal Projects/Baseball_Prototype/Content/Baseball_Hit_mixamo_com.uasset" 13
"../../../../../../Unreal Projects/Baseball_Prototype/Content/Baseball_Hit_Take_001.uasset" 14
"../../../../../../Unreal Projects/Baseball_Prototype/Content/Baseball_Pitching_mixamo_com.uasset" 15
"../../../../../../Unreal Projects/Baseball_Prototype/Content/Baseball_Pitching_Take_001.uasset" 16
"../../../../../../Unreal Projects/Baseball_Prototype/Content/Baseball_Step_Up_To_Bat_mixamo_com.uasset" 17
"../../../../../../Unreal Projects/Baseball_Prototype/Content/Baseball_Step_Up_To_Bat_Take_001.uasset" 18
"../../../../../../Unreal Projects/Baseball_Prototype/Content/Mannequin/Character/Mesh/UE4_Mannequin_Skeleton.uasset" 19
"../../../../../../Unreal Projects/Baseball_Prototype/Content/Baseball_Strike_mixamo_com1.uasset" 20
"../../../../../../Unreal Projects/Baseball_Prototype/Content/Baseball_Walk_In_mixamo_com.uasset" 21
"../../../../../../Unreal Projects/Baseball_Prototype/Content/Baseball_Walk_In_Take_001.uasset" 22
"../../../../../../Unreal Projects/Baseball_Prototype/Content/Beta_HighLimbsGeoSG2.uasset" 23
"../../../../../../Unreal Projects/Baseball_Prototype/Content/Beta_Joints_MAT.uasset" 24
"../../../../../../Unreal Projects/Baseball_Prototype/Content/NewCurveBase.uasset" 25
"../../../../../../Unreal Projects/Baseball_Prototype/Content/NewCurveBase1.uasset" 26
"../../../../../../Unreal Projects/Baseball_Prototype/Content/Animations/Baseball_Strike_mixamo_com.uasset" 27
"../../../../../../Unreal Projects/Baseball_Prototype/Content/UE4_Mannequin_Skeleton_Montage.uasset" 28
"../../../../../../Unreal Projects/Baseball_Prototype/Content/Animations/Baseball_Bunt_mixamo_com1.uasset" 29
"../../../../../../Unreal Projects/Baseball_Prototype/Content/Animations/Baseball_Hit_mixamo_com1.uasset" 30
"../../../../../../Unreal Projects/Baseball_Prototype/Content/Animations/Baseball_Hit__2__mixamo_com.uasset" 31
"../../../../../../Unreal Projects/Baseball_Prototype/Content/Animations/Baseball_Hit__2__mixamo_com1.uasset" 32
"../../../../../../Unreal Projects/Baseball_Prototype/Content/Animations/Baseball_Hit__2__Take_001.uasset" 33
"../../../../../../Unreal Projects/Baseball_Prototype/Content/Animations/Baseball_Hit__3__mixamo_com.uasset" 34
"../../../../../../Unreal Projects/Baseball_Prototype/Content/Animations/Baseball_Hit__3__Take_001.uasset" 35
"../../../../../../Unreal Projects/Baseball_Prototype/Content/Animations/Baseball_Step_In_mixamo_com.uasset" 36
"../../../../../../Unreal Projects/Baseball_Prototype/Content/Animations/Baseball_Step_In_Take_001.uasset" 37
"../../../../../../Unreal Projects/Baseball_Prototype/Content/Animations/Baseball_Step_Out_mixamo_com.uasset" 38
"../../../../../../Unreal Projects/Baseball_Prototype/Content/Animations/Baseball_Step_Out_Take_001.uasset" 39
"../../../../../../Unreal Projects/Baseball_Prototype/Content/Animations/Baseball_Walk_In_mixamo_com1.uasset" 40
"../../../../../../Unreal Projects/Baseball_Prototype/Content/Animations/Golf_Bad_Shot_mixamo_com.uasset" 41
"../../../../../../Unreal Projects/Baseball_Prototype/Content/Animations/Golf_Bad_Shot_Take_001.uasset" 42
"../../../../../../Unreal Projects/Baseball_Prototype/Content/Baseball/baseball_texture.uasset" 43
"../../../../../../Unreal Projects/Baseball_Prototype/Content/Baseball/Default_OBJ.uasset" 44
"../../../../../../Unreal Projects/Baseball_Prototype/Content/Baseball/archmodels81_004_03.uasset" 45
"../../../../../../Unreal Projects/Baseball_Prototype/Content/Baseball/Basketball.uasset" 46
"../../../../../../Unreal Projects/Baseball_Prototype/Content/Baseball/07_-_Default.uasset" 47
"../../../../../../Unreal Projects/Baseball_Prototype/Content/Baseball/Sport_Balls_Basketball.uasset" 48
"../../../../../../Unreal Projects/Baseball_Prototype/Content/Baseball/08_-_Default.uasset" 49
"../../../../../../Unreal Projects/Baseball_Prototype/Content/Baseball/Sport_Balls_Floor.uasset" 50
"../../../../../../Unreal Projects/Baseball_Prototype/Content/Baseball/Soccer_Ball_Tex.uasset" 51
"../../../../../../Unreal Projects/Baseball_Prototype/Content/Baseball/03_-_Default.uasset" 52
"../../../../../../Unreal Projects/Baseball_Prototype/Content/Baseball/Sport_Balls_Soccer_Ball.uasset" 53
"../../../../../../Unreal Projects/Baseball_Prototype/Content/Baseball/Tennis_Ball_Tex.uasset" 54
"../../../../../../Unreal Projects/Baseball_Prototype/Content/Baseball/02_-_Default.uasset" 55
"../../../../../../Unreal Projects/Baseball_Prototype/Content/Baseball/Sport_Balls_Tennis_Ball.uasset" 56
"../../../../../../Unreal Projects/Baseball_Prototype/Content/Baseball/Baseball2/ball_baseColor.uasset" 57
"../../../../../../Unreal Projects/Baseball_Prototype/Content/Baseball/Baseball2/ball_ball.uasset" 58
"../../../../../../Unreal Projects/Baseball_Prototype/Content/Baseball/Baseball2/4b399e2389344762a961634cbfb85583.uasset" 59
"../../../../../../Unreal Projects/Baseball_Prototype/Content/Bat/baseball_texture.uasset" 60
"../../../../../../Unreal Projects/Baseball_Prototype/Content/Bat/Default_OBJ.uasset" 61
"../../../../../../Unreal Projects/Baseball_Prototype/Content/Bat/archmodels81_004_03.uasset" 62
"../../../../../../Unreal Projects/Baseball_Prototype/Content/NewMaterial.uasset" 63
"../../../../../../Unreal Projects/Baseball_Prototype/Content/Bat/source/Baseball_Bat3.uasset" 64
"../../../../../../Unreal Projects/Baseball_Prototype/Content/Bat/textures/Diffuse.uasset" 65
"../../../../../../Unreal Projects/Baseball_Prototype/Content/Bat/textures/Diffuse_AO.uasset" 66
"../../../../../../Unreal Projects/Baseball_Prototype/Content/Bat/textures/Diffuse_Glossyness.uasset" 67
"../../../../../../Unreal Projects/Baseball_Prototype/Content/Bat/textures/Diffuse_Normal.uasset" 68
"../../../../../../Unreal Projects/Baseball_Prototype/Content/Bat/source/batmat.uasset" 69
"../../../../../../Unreal Projects/Baseball_Prototype/Content/Bat/source/Baseball_Bat2.uasset" 70
"../../../../../../Unreal Projects/Baseball_Prototype/Content/Bat/source/Bat_2.uasset" 71
"../../../../../../Unreal Projects/Baseball_Prototype/Content/Bat/source/Bat_Skeleton.uasset" 72
"../../../../../../Unreal Projects/Baseball_Prototype/Content/Bat/source/Bat_Anim.uasset" 73
"../../../../../../Unreal Projects/Baseball_Prototype/Content/Bat/source/Bat_PhysicsAsset.uasset" 74
"../../../../../../Unreal Projects/Baseball_Prototype/Content/Bat/source/WoodPattern.uasset" 75
"../../../../../../Unreal Projects/Baseball_Prototype/Content/Bat/source/14_-_Default.uasset" 76
"../../../../../../Unreal Projects/Baseball_Prototype/Content/Bat/source/Wood_Bat.uasset" 77
"../../../../../../Unreal Projects/Baseball_Prototype/Content/BlendSwing/Swing_Strike_Down_In.uasset" 78
"../../../../../../Unreal Projects/Baseball_Prototype/Content/Blueprints/baseball-2-512__1___1_.uasset" 79
"../../Plugins/2D/Paper2D/Content/PlaceholderTextures/DummySpriteTexture.uasset" 80
"../../Plugins/2D/Paper2D/Content/DefaultSpriteMaterial.uasset" 81
"../../Plugins/2D/Paper2D/Content/TranslucentUnlitSpriteMaterial.uasset" 82
"../../../../../../Unreal Projects/Baseball_Prototype/Content/Blueprints/baseball-2-512__1___1__Sprite.uasset" 83
"../../../../../../Unreal Projects/Baseball_Prototype/Content/Blueprints/Bat_Outline_Power.uasset" 84
"../../../../../../Unreal Projects/Baseball_Prototype/Content/Blueprints/Bat_Outline_Power_Sprite.uasset" 85
"../../../../../../Unreal Projects/Baseball_Prototype/Content/Blueprints/Bat_Outline_Power__1_-removebg-preview.uasset" 86
"../../../../../../Unreal Projects/Baseball_Prototype/Content/Bat/source/Baseball_Bat.uasset" 87
"../../../../../../Unreal Projects/Baseball_Prototype/Content/Blueprints/baseball-2-512__2___1___1_.uasset" 88
"../../../../../../Unreal Projects/Baseball_Prototype/Content/Blueprints/baseball-2-512__2___1___1__Sprite.uasset" 89
"../../../../../../Unreal Projects/Baseball_Prototype/Content/Blueprints/ContactSwing.uasset" 90
"../../../../../../Unreal Projects/Baseball_Prototype/Content/Blueprints/NewAnimMontage.uasset" 91
"../../../../../../Unreal Projects/Baseball_Prototype/Content/Blueprints/NewCurveBase.uasset" 92
"../../../../../../Unreal Projects/Baseball_Prototype/Content/Geometry/Meshes/CubeMaterial.uasset" 93
"../../../../../../Unreal Projects/Baseball_Prototype/Content/Geometry/Meshes/1M_Cube_Chamfer.uasset" 94
"../../../../../../Unreal Projects/Baseball_Prototype/Content/Animations/Baseball_StepFreeze_Strike.uasset" 95
"../../../../../../Unreal Projects/Baseball_Prototype/Content/Animations/Baseball_StepInto_Strike.uasset" 96
"../../../../../../Unreal Projects/Baseball_Prototype/Content/Animations/Baseball_Step_Up_To_Bat_mixamo_com1.uasset" 97
"../../../../../../Unreal Projects/Baseball_Prototype/Content/Animations/Baseball_SwingAfterStep_Strike.uasset" 98
"../../../../../../Unreal Projects/Baseball_Prototype/Content/Mannequin/Baseball_Idle_mixamo_com.uasset" 99
"../../../../../../Unreal Projects/Baseball_Prototype/Content/Mannequin/Animations/Batter_Anims.uasset" 100
"../../../../../../Unreal Projects/Baseball_Prototype/Content/BlendSwing/Swing_Strike_High_In.uasset" 101
"../../../../../../Unreal Projects/Baseball_Prototype/Content/BlendSwing/Swing_Strike_High_Out.uasset" 102
"../../../../../../Unreal Projects/Baseball_Prototype/Content/Mannequin/Animations/Swing.uasset" 103
"../../../../../../Unreal Projects/Baseball_Prototype/Content/Mannequin/Animations/ThirdPersonJump_End.uasset" 104
"../../../../../../Unreal Projects/Baseball_Prototype/Content/Mannequin/Animations/ThirdPersonJump_Loop.uasset" 105
"../../../../../../Unreal Projects/Baseball_Prototype/Content/Mannequin/Animations/ThirdPersonJump_Start.uasset" 106
"../../../../../../Unreal Projects/Baseball_Prototype/Content/Mannequin/Animations/ThirdPersonWalk.uasset" 107
"../../../../../../Unreal Projects/Baseball_Prototype/Content/Mannequin/Animations/ThirdPersonRun.uasset" 108
"../../../../../../Unreal Projects/Baseball_Prototype/Content/Mannequin/Animations/ThirdPersonIdle.uasset" 109
"../../../../../../Unreal Projects/Baseball_Prototype/Content/Mannequin/Animations/ThirdPerson_IdleRun_2D.uasset" 110
"../../../../../../Unreal Projects/Baseball_Prototype/Content/Mannequin/Animations/ThirdPerson_Jump.uasset" 111
"../../../../../../Unreal Projects/Baseball_Prototype/Content/Mannequin/Character/Mesh/SK_Mannequin_Female_PhysicsAsset.uasset" 112
"../../../../../../Unreal Projects/Baseball_Prototype/Content/Mannequin/Character/Textures/T_UE4Logo_N.uasset" 113
"../../../../../../Unreal Projects/Baseball_Prototype/Content/Mannequin/Character/Textures/T_UE4Logo_Mask.uasset" 114
"../../../../../../Unreal Projects/Baseball_Prototype/Content/Mannequin/Character/Textures/T_Male_N.uasset" 115
"../../../../../../Unreal Projects/Baseball_Prototype/Content/Mannequin/Character/Textures/T_Male_Mask.uasset" 116
"../../../../../../Unreal Projects/Baseball_Prototype/Content/Mannequin/Character/Materials/MaterialLayers/T_ML_Rubber_Blue_01_N.uasset" 117
"../../../../../../Unreal Projects/Baseball_Prototype/Content/Mannequin/Character/Materials/MaterialLayers/T_ML_Rubber_Blue_01_D.uasset" 118
"../../../../../../Unreal Projects/Baseball_Prototype/Content/Mannequin/Character/Materials/MaterialLayers/T_ML_Aluminum01_N.uasset" 119
"../../../../../../Unreal Projects/Baseball_Prototype/Content/Mannequin/Character/Materials/MaterialLayers/T_ML_Aluminum01.uasset" 120
"../../../../../../Unreal Projects/Baseball_Prototype/Content/Mannequin/Character/Materials/MaterialLayers/ML_SoftMetal_UE4.uasset" 121
"../../../../../../Unreal Projects/Baseball_Prototype/Content/Mannequin/Character/Materials/MaterialLayers/ML_Plastic_Shiny_Beige_LOGO.uasset" 122
"../../../../../../Unreal Projects/Baseball_Prototype/Content/Mannequin/Character/Materials/MaterialLayers/ML_Plastic_Shiny_Beige.uasset" 123
"../../../../../../Unreal Projects/Baseball_Prototype/Content/Mannequin/Character/Materials/MaterialLayers/ML_GlossyBlack_Latex_UE4.uasset" 124
"../../../Engine/Content/Functions/MaterialLayerFunctions/MatLayerBlend_Simple.uasset" 125
"../../../Engine/Content/Functions/Engine_MaterialFunctions02/Utility/BlendAngleCorrectedNormals.uasset" 126
"../../../Engine/Content/Functions/MaterialLayerFunctions/MatLayerBlend_NormalBlend.uasset" 127
"../../../../../../Unreal Projects/Baseball_Prototype/Content/Mannequin/Character/Materials/M_Male_Body.uasset" 128
"../../../../../../Unreal Projects/Baseball_Prototype/Content/Mannequin/Character/Materials/M_UE4Man_ChestLogo.uasset" 129
"../../../../../../Unreal Projects/Baseball_Prototype/Content/Mannequin/Character/Textures/T_Female_N.uasset" 130
"../../../../../../Unreal Projects/Baseball_Prototype/Content/Mannequin/Character/Textures/T_Female_Mask.uasset" 131
"../../../../../../Unreal Projects/Baseball_Prototype/Content/Mannequin/Character/Materials/MI_Female_Body.uasset" 132
"../../../../../../Unreal Projects/Baseball_Prototype/Content/Mannequin/Character/Mesh/SK_Mannequin_Female.uasset" 133
"../../../../../../Unreal Projects/Baseball_Prototype/Content/StarterContent/Materials/M_Basic_Wall.uasset" 134
"../../../../../../Unreal Projects/Baseball_Prototype/Content/StarterContent/Architecture/Pillar_50x500.uasset" 135
"../../../../../../Unreal Projects/Baseball_Prototype/Content/StarterContent/Architecture/Wall_400x300.uasset" 136
"../../../../../../Unreal Projects/Baseball_Prototype/Content/StarterContent/Architecture/Wall_400x400.uasset" 137
"../../../../../../Unreal Projects/Baseball_Prototype/Content/StarterContent/Architecture/Wall_500x500.uasset" 138
"../../../../../../Unreal Projects/Baseball_Prototype/Content/StarterContent/Architecture/Wall_Door_400x400.uasset" 139
"../../../../../../Unreal Projects/Baseball_Prototype/Content/StarterContent/Architecture/Wall_Window_400x400.uasset" 140
"../../../../../../Unreal Projects/Baseball_Prototype/Content/StarterContent/Audio/Collapse01.uasset" 141
"../../../../../../Unreal Projects/Baseball_Prototype/Content/StarterContent/Audio/Collapse02.uasset" 142
"../../../../../../Unreal Projects/Baseball_Prototype/Content/StarterContent/Audio/Explosion01.uasset" 143
"../../../../../../Unreal Projects/Baseball_Prototype/Content/StarterContent/Audio/Explosion02.uasset" 144
"../../../../../../Unreal Projects/Baseball_Prototype/Content/StarterContent/Audio/Fire01.uasset" 145
"../../../../../../Unreal Projects/Baseball_Prototype/Content/StarterContent/Audio/Fire_Sparks01.uasset" 146
"../../../../../../Unreal Projects/Baseball_Prototype/Content/StarterContent/Audio/Light01.uasset" 147
"../../../../../../Unreal Projects/Baseball_Prototype/Content/StarterContent/Audio/Light01_Cue.uasset" 148
"../../../../../../Unreal Projects/Baseball_Prototype/Content/StarterContent/Audio/Light02.uasset" 149
"../../../../../../Unreal Projects/Baseball_Prototype/Content/StarterContent/Audio/Light02_Cue.uasset" 150
"../../../../../../Unreal Projects/Baseball_Prototype/Content/StarterContent/Audio/Smoke01.uasset" 151
"../../../../../../Unreal Projects/Baseball_Prototype/Content/StarterContent/Audio/Starter_Birds01.uasset" 152
"../../../../../../Unreal Projects/Baseball_Prototype/Content/StarterContent/Audio/Starter_Music01.uasset" 153
"../../../../../../Unreal Projects/Baseball_Prototype/Content/StarterContent/Audio/Starter_Wind05.uasset" 154
"../../../../../../Unreal Projects/Baseball_Prototype/Content/StarterContent/Audio/Starter_Wind06.uasset" 155
"../../../../../../Unreal Projects/Baseball_Prototype/Content/StarterContent/Audio/Steam01.uasset" 156
"../../../../../../Unreal Projects/Baseball_Prototype/Content/StarterContent/Textures/T_Smoke_Tiled_D.uasset" 157
"../../../../../../Unreal Projects/Baseball_Prototype/Content/StarterContent/Textures/T_Smoke_SubUV.uasset" 158
"../../../../../../Unreal Projects/Baseball_Prototype/Content/StarterContent/Particles/Materials/M_smoke_subUV.uasset" 159
"../../../Engine/Content/Functions/Engine_MaterialFunctions01/Gradient/RadialGradient.uasset" 160
"../../../../../../Unreal Projects/Baseball_Prototype/Content/StarterContent/Particles/Materials/M_radial_ramp.uasset" 161
"../../../../../../Unreal Projects/Baseball_Prototype/Content/StarterContent/Particles/Materials/m_flare_01.uasset" 162
"../../../../../../Unreal Projects/Baseball_Prototype/Content/StarterContent/Textures/T_Explosion_SubUV.uasset" 163
"../../../../../../Unreal Projects/Baseball_Prototype/Content/StarterContent/Particles/Materials/M_explosion_subUV.uasset" 164
"../../../../../../Unreal Projects/Baseball_Prototype/Content/StarterContent/Textures/T_Burst_M.uasset" 165
"../../../../../../Unreal Projects/Baseball_Prototype/Content/StarterContent/Particles/Materials/M_Burst.uasset" 166
"../../../../../../Unreal Projects/Baseball_Prototype/Content/StarterContent/Particles/P_Explosion.uasset" 167
"../../../../../../Unreal Projects/Baseball_Prototype/Content/StarterContent/Audio/Explosion_Cue.uasset" 168
"../../../../../../Unreal Projects/Baseball_Prototype/Content/StarterContent/Blueprints/Blueprint_Effect_Explosion.uasset" 169
"../../../Engine/Content/EditorMeshes/ColorCalibrator/T_ColorGrid.uasset" 170
"../../../../../../Unreal Projects/Baseball_Prototype/Content/StarterContent/Materials/M_ColorGrid_LowSpec.uasset" 171
"../../../../../../Unreal Projects/Baseball_Prototype/Content/StarterContent/Textures/T_Bush_N.uasset" 172
"../../../../../../Unreal Projects/Baseball_Prototype/Content/StarterContent/Textures/T_Bush_D.uasset" 173
"../../../../../../Unreal Projects/Baseball_Prototype/Content/StarterContent/Props/Materials/M_Bush.uasset" 174
"../../../../../../Unreal Projects/Baseball_Prototype/Content/StarterContent/Props/SM_Bush.uasset" 175
"../../../../../../Unreal Projects/Baseball_Prototype/Content/StarterContent/Textures/T_Chair_N.uasset" 176
"../../../../../../Unreal Projects/Baseball_Prototype/Content/StarterContent/Textures/T_Chair_M.uasset" 177
"../../../../../../Unreal Projects/Baseball_Prototype/Content/StarterContent/Props/Materials/M_Chair.uasset" 178
"../../../../../../Unreal Projects/Baseball_Prototype/Content/StarterContent/Props/SM_Couch.uasset" 179
"../../../../../../Unreal Projects/Baseball_Prototype/Content/StarterContent/Textures/T_Door_N.uasset" 180
"../../../../../../Unreal Projects/Baseball_Prototype/Content/StarterContent/Textures/T_Door_M.uasset" 181
"../../../../../../Unreal Projects/Baseball_Prototype/Content/StarterContent/Props/Materials/M_Door.uasset" 182
"../../../../../../Unreal Projects/Baseball_Prototype/Content/StarterContent/Materials/M_Glass.uasset" 183
"../../../../../../Unreal Projects/Baseball_Prototype/Content/StarterContent/Props/SM_Door.uasset" 184
"../../../../../../Unreal Projects/Baseball_Prototype/Content/StarterContent/Props/Materials/M_MaterialSphere_Plain.uasset" 185
"../../../../../../Unreal Projects/Baseball_Prototype/Content/StarterContent/Props/Materials/M_MaterialSphere.uasset" 186
"../../../../../../Unreal Projects/Baseball_Prototype/Content/StarterContent/Props/SM_MatPreviewMesh_02.uasset" 187
"../../../../../../Unreal Projects/Baseball_Prototype/Content/StarterContent/Textures/T_RockMesh_N.uasset" 188
"../../../../../../Unreal Projects/Baseball_Prototype/Content/StarterContent/Textures/T_RockMesh_M.uasset" 189
"../../../../../../Unreal Projects/Baseball_Prototype/Content/StarterContent/Textures/T_Rock_Basalt_D.uasset" 190
"../../../../../../Unreal Projects/Baseball_Prototype/Content/StarterContent/Textures/T_Detail_Rocky_N.uasset" 191
"../../../../../../Unreal Projects/Baseball_Prototype/Content/StarterContent/Props/Materials/M_Rock.uasset" 192
"../../../../../../Unreal Projects/Baseball_Prototype/Content/StarterContent/Props/SM_Rock.uasset" 193
"../../../../../../Unreal Projects/Baseball_Prototype/Content/StarterContent/Textures/T_Shelf_N.uasset" 194
"../../../../../../Unreal Projects/Baseball_Prototype/Content/StarterContent/Textures/T_Shelf_M.uasset" 195
"../../../../../../Unreal Projects/Baseball_Prototype/Content/StarterContent/Props/Materials/M_Shelf.uasset" 196
"../../../../../../Unreal Projects/Baseball_Prototype/Content/StarterContent/Props/SM_Shelf.uasset" 197
"../../../../../../Unreal Projects/Baseball_Prototype/Content/StarterContent/Materials/M_Basic_Floor.uasset" 198
"../../../../../../Unreal Projects/Baseball_Prototype/Content/StarterContent/Props/SM_Stairs.uasset" 199
"../../../../../../Unreal Projects/Baseball_Prototype/Content/StarterContent/Shapes/Shape_Cone.uasset" 200
"../../../../../../Unreal Projects/Baseball_Prototype/Content/StarterContent/Shapes/Shape_Cylinder.uasset" 201
"../../../../../../Unreal Projects/Baseball_Prototype/Content/StarterContent/Shapes/Shape_NarrowCapsule.uasset" 202
"../../../../../../Unreal Projects/Baseball_Prototype/Content/StarterContent/Shapes/Shape_Pipe.uasset" 203
"../../../../../../Unreal Projects/Baseball_Prototype/Content/StarterContent/Shapes/Shape_Pipe_180.uasset" 204
"../../../../../../Unreal Projects/Baseball_Prototype/Content/StarterContent/Shapes/Shape_Pipe_90.uasset" 205
"../../../../../../Unreal Projects/Baseball_Prototype/Content/StarterContent/Shapes/Shape_Plane.uasset" 206
"../../../../../../Unreal Projects/Baseball_Prototype/Content/StarterContent/Shapes/Shape_Torus.uasset" 207
"../../../../../../Unreal Projects/Baseball_Prototype/Content/StarterContent/Shapes/Shape_Trim.uasset" 208
"../../../../../../Unreal Projects/Baseball_Prototype/Content/StarterContent/Shapes/Shape_Trim_90_In.uasset" 209
"../../../../../../Unreal Projects/Baseball_Prototype/Content/StarterContent/Shapes/Shape_Trim_90_Out.uasset" 210
"../../../../../../Unreal Projects/Baseball_Prototype/Content/StarterContent/Shapes/Shape_TriPyramid.uasset" 211
"../../../../../../Unreal Projects/Baseball_Prototype/Content/StarterContent/Shapes/Shape_Tube.uasset" 212
"../../../../../../Unreal Projects/Baseball_Prototype/Content/StarterContent/Shapes/Shape_Wedge_A.uasset" 213
"../../../../../../Unreal Projects/Baseball_Prototype/Content/StarterContent/Shapes/Shape_Wedge_B.uasset" 214
"../../../../../../Unreal Projects/Baseball_Prototype/Content/StarterContent/Shapes/Shape_WideCapsule.uasset" 215
"../../../../../../Unreal Projects/Baseball_Prototype/Content/ThirdPerson/Meshes/RampMaterial.uasset" 216
"../../../../../../Unreal Projects/Baseball_Prototype/Content/ThirdPerson/Meshes/Bump_StaticMesh.uasset" 217
"../../../../../../Unreal Projects/Baseball_Prototype/Content/ThirdPerson/Meshes/LeftArm_StaticMesh.uasset" 218
"../../../../../../Unreal Projects/Baseball_Prototype/Content/ThirdPerson/Meshes/Linear_Stair_StaticMesh.uasset" 219
"../../../../../../Unreal Projects/Baseball_Prototype/Content/ThirdPerson/Meshes/Ramp_StaticMesh.uasset" 220
"../../../../../../Unreal Projects/Baseball_Prototype/Content/ThirdPerson/Meshes/RightArm_StaticMesh.uasset" 221
"../../../../../../Unreal Projects/Baseball_Prototype/Content/ThirdPersonBP/Baseball_Idle_mixamo_com.uasset" 222
"../../../../../../Unreal Projects/Baseball_Prototype/Content/ThirdPersonBP/Baseball_Idle_Take_001.uasset" 223
"../../../../../../Unreal Projects/Baseball_Prototype/Content/ThirdPersonBP/Baseball_Strike_mixamo_com.uasset" 224
"../../../../../../Unreal Projects/Baseball_Prototype/Content/ThirdPersonBP/Baseball_Strike_Take_001.uasset" 225
"../../../../../../Unreal Projects/Baseball_Prototype/Content/ThirdPersonBP/Baseball_Strike_Unreal_PhysicsAsset.uasset" 226
"../../../../../../Unreal Projects/Baseball_Prototype/Content/ThirdPersonBP/Beta_Joints_MAT.uasset" 227
"../../../../../../Unreal Projects/Baseball_Prototype/Content/ThirdPersonBP/Beta_HighLimbsGeoSG2.uasset" 228
"../../../../../../Unreal Projects/Baseball_Prototype/Content/ThirdPersonBP/Baseball_Strike_Unreal.uasset" 229
"../../../../../../Unreal Projects/Baseball_Prototype/Content/ThirdPersonBP/BoneMapping.uasset" 230
"../../../../../../Unreal Projects/Baseball_Prototype/Content/ThirdPersonBP/BoneMapping_fix.uasset" 231
"../../../../../../Unreal Projects/Baseball_Prototype/Content/ThirdPersonBP/ThirdPersonOverview.uasset" 232
"../../../../../../Unreal Projects/Baseball_Prototype/Content/Animations/TakePitchBlend.uasset" 233
"../../../../../../Unreal Projects/Baseball_Prototype/Content/Animations/TakePitchBlend_Montage.uasset" 234
"../../../../../../Unreal Projects/Baseball_Prototype/Content/Baseball/initialShadingGroup_baseColor.uasset" 235
"../../../../../../Unreal Projects/Baseball_Prototype/Content/Baseball/initialShadingGroup_initialShadingGroup.uasset" 236
"../../../../../../Unreal Projects/Baseball_Prototype/Content/Baseball/lambert2SG_baseColor.uasset" 237
"../../../../../../Unreal Projects/Baseball_Prototype/Content/Baseball/lambert2SG_lambert2SG.uasset" 238
"../../../../../../Unreal Projects/Baseball_Prototype/Content/Baseball/lambert3SG_lambert3SG.uasset" 239
"../../../../../../Unreal Projects/Baseball_Prototype/Content/Baseball/lambert4SG_lambert4SG.uasset" 240
"../../../../../../Unreal Projects/Baseball_Prototype/Content/Baseball/Mesh_1.uasset" 241
"../../../../../../Unreal Projects/Baseball_Prototype/Content/Bat/source/Baseball_Batt.uasset" 242
"../../../../../../Unreal Projects/Baseball_Prototype/Content/Blueprints/HitDirectionCurve.uasset" 243
"../../../../../../Unreal Projects/Baseball_Prototype/Content/Baseball/Baseball_Tex_jpg_specular.uasset" 244
"../../../../../../Unreal Projects/Baseball_Prototype/Content/Baseball/Baseball_Tex.uasset" 245
"../../../../../../Unreal Projects/Baseball_Prototype/Content/Baseball/Baseball_Mat.uasset" 246
"../../../../../../Unreal Projects/Baseball_Prototype/Content/UI/circle-dashed-4-512.uasset" 247
"../../../../../../Unreal Projects/Baseball_Prototype/Content/UI/circle-dashed-4-512_Sprite.uasset" 248
"../../../../../../Unreal Projects/Baseball_Prototype/Content/Blueprints/BallLocation.uasset" 249
"../../../../../../Unreal Projects/Baseball_Prototype/Content/Blueprints/Baseball.uasset" 250
"../../../../../../Unreal Projects/Baseball_Prototype/Content/Blueprints/BP_TestBall.uasset" 251
"../../../Engine/Content/BasicShapes/BasicShapeMaterial.uasset" 252
"../../../Engine/Content/EngineMaterials/WorldGridMaterial.uasset" 253
"../../../Engine/Content/BasicShapes/Plane.uasset" 254
"../../../Engine/Content/BasicShapes/Cube.uasset" 255
"../../../Engine/Content/BasicShapes/Cylinder.uasset" 256
"../../../../../../Unreal Projects/Baseball_Prototype/Content/UI/UI.uasset" 257
"../../../../../../Unreal Projects/Baseball_Prototype/Content/UI/circle-dashed-8-512.uasset" 258
"../../../../../../Unreal Projects/Baseball_Prototype/Content/UI/circle-dashed-8-512_Sprite.uasset" 259
"../../../../../../Unreal Projects/Baseball_Prototype/Content/BattingCountState.uasset" 260
"../../../../../../Unreal Projects/Baseball_Prototype/Content/BattingCount.uasset" 261
"../../../../../../Unreal Projects/Baseball_Prototype/Content/Mannequin/Character/Mesh/SK_Mannequin_PhysicsAsset.uasset" 262
"../../../../../../Unreal Projects/Baseball_Prototype/Content/Mannequin/Character/Mesh/SK_Mannequin.uasset" 263
"../../../Engine/Content/EditorBlueprintResources/StandardMacros.uasset" 264
"../../../../../../Unreal Projects/Baseball_Prototype/Content/Animations/Baseball_Hit__3__mixamo_com1.uasset" 265
"../../../../../../Unreal Projects/Baseball_Prototype/Content/Animations/Baseball_Step_In_mixamo_com1.uasset" 266
"../../../../../../Unreal Projects/Baseball_Prototype/Content/Animations/Baseball_Step_Out_mixamo_com1.uasset" 267
"../../../../../../Unreal Projects/Baseball_Prototype/Content/Animations/Baseball_Step_Up_To_Bat_mixamo_comFIXED.uasset" 268
"../../../../../../Unreal Projects/Baseball_Prototype/Content/Animations/Golf_Bad_Shot_mixamo_com1.uasset" 269
"../../../../../../Unreal Projects/Baseball_Prototype/Content/Animations/Miss.uasset" 270
"../../../../../../Unreal Projects/Baseball_Prototype/Content/Animations/StepIN.uasset" 271
"../../../../../../Unreal Projects/Baseball_Prototype/Content/Animations/StepIntoBlend.uasset" 272
"../../../../../../Unreal Projects/Baseball_Prototype/Content/Animations/StepIntoIdleFrozen.uasset" 273
"../../../../../../Unreal Projects/Baseball_Prototype/Content/Animations/Swing.uasset" 274
"../../../../../../Unreal Projects/Baseball_Prototype/Content/Mannequin/Character/Mesh/UE4_Mannequin_Skeleton_AI.uasset" 275
"../../../../../../Unreal Projects/Baseball_Prototype/Content/AI_Animations/Pitching_Idle.uasset" 276
"../../../../../../Unreal Projects/Baseball_Prototype/Content/bat+hit+ball.uasset" 277
"../../../../../../Unreal Projects/Baseball_Prototype/Content/Blueprints/circle-outline-512.uasset" 278
"../../../../../../Unreal Projects/Baseball_Prototype/Content/Blueprints/circle-outline-512_Sprite.uasset" 279
"../../../../../../Unreal Projects/Baseball_Prototype/Content/Blueprints/Ball.uasset" 280
"../../../../../../Unreal Projects/Baseball_Prototype/Content/Baseball/Sport_Balls_Baseball.uasset" 281
"../../../../../../Unreal Projects/Baseball_Prototype/Content/Mannequin/Character/Materials/M_Male_Body_AI.uasset" 282
"../../../../../../Unreal Projects/Baseball_Prototype/Content/Mannequin/Character/Materials/M_UE4Man_ChestLogo_AI.uasset" 283
"../../../../../../Unreal Projects/Baseball_Prototype/Content/Mannequin/Character/Mesh/SK_Mannequin_AI.uasset" 284
"../../../../../../Unreal Projects/Baseball_Prototype/Content/AI_Animations/AI_Pitcher.uasset" 285
"../../../../../../Unreal Projects/Baseball_Prototype/Content/Blueprints/circle-512.uasset" 286
"../../../../../../Unreal Projects/Baseball_Prototype/Content/Blueprints/circle-512_Sprite.uasset" 287
"../../../../../../Unreal Projects/Baseball_Prototype/Content/Blueprints/Strike.uasset" 288
"../../../../../../Unreal Projects/Baseball_Prototype/Content/Blueprints/BP_Projectile.uasset" 289
"../../../../../../Unreal Projects/Baseball_Prototype/Content/AI_Animations/Baseball_Pitching_mixamo_com1.uasset" 290
"../../../../../../Unreal Projects/Baseball_Prototype/Content/Mannequin/Animations/AI_Pitcher.uasset" 291
"../../../../../../Unreal Projects/Baseball_Prototype/Content/Mannequin/Animations/ThirdPerson_AnimBP.uasset" 292
"../../../../../../Unreal Projects/Baseball_Prototype/Content/Blueprints/PowerCurve.uasset" 293
"../../../../../../Unreal Projects/Baseball_Prototype/Content/Blueprints/output-onlinepngtools.uasset" 294
"../../../../../../Unreal Projects/Baseball_Prototype/Content/Blueprints/output-onlinepngtools_Sprite.uasset" 295
"../../../../../../Unreal Projects/Baseball_Prototype/Content/ThirdPersonBP/Blueprints/ThirdPersonCharacter.uasset" 296
"../../../../../../Unreal Projects/Baseball_Prototype/Content/ThirdPersonBP/Blueprints/ThirdPersonGameMode.uasset" 297
"../../../Engine/Content/ArtTools/RenderToTexture/Meshes/S_1_Unit_Plane.uasset" 298
"../../../Engine/Content/BasicShapes/Cone.uasset" 299
"../../../Engine/Content/EditorLandscapeResources/DataLayer.uasset" 300
"../../../Engine/Content/EditorLandscapeResources/DefaultAlphaTexture.uasset" 301
"../../../Engine/Content/EditorMaterials/MAT_Groups_Toggle.uasset" 302
"../../../Engine/Content/EditorMaterials/MAT_Groups_Visibility.uasset" 303
"../../../Engine/Content/EditorMaterials/PreviewShadowIndicator.uasset" 304
"../../../Engine/Content/EditorMaterials/PreviewShadowIndicatorMaterial.uasset" 305
"../../../Engine/Content/EditorMaterials/MatineeGroups/MAT_ColorTrack.uasset" 306
"../../../Engine/Content/EditorMaterials/MatineeGroups/MAT_Groups_Anim.uasset" 307
"../../../Engine/Content/EditorMaterials/MatineeGroups/MAT_Groups_AudioMaster.uasset" 308
"../../../Engine/Content/EditorMaterials/MatineeGroups/MAT_Groups_Director.uasset" 309
"../../../Engine/Content/EditorMaterials/MatineeGroups/MAT_Groups_Event.uasset" 310
"../../../Engine/Content/EditorMaterials/MatineeGroups/MAT_Groups_Fade.uasset" 311
"../../../Engine/Content/EditorMaterials/MatineeGroups/MAT_Groups_Float.uasset" 312
"../../../Engine/Content/EditorMaterials/MatineeGroups/MAT_Groups_Move.uasset" 313
"../../../Engine/Content/EditorMaterials/MatineeGroups/MAT_Groups_Slomo.uasset" 314
"../../../Engine/Content/EditorMaterials/MatineeGroups/MAT_Groups_Sound.uasset" 315
"../../../Engine/Content/EditorMaterials/MatineeGroups/MAT_Groups_Vector.uasset" 316
"../../../Engine/Content/EditorMaterials/ParticleSystems/PSysThumbnail_NoImage.uasset" 317
"../../../Engine/Content/EditorMaterials/ParticleSystems/PSysThumbnail_OOD.uasset" 318
"../../../Engine/Content/EditorMaterials/Camera/CineMat.uasset" 319
"../../../Engine/Content/EditorMaterials/Camera/MI_CineMat_Rig.uasset" 320
"../../../Engine/Content/EditorMeshes/Camera/SM_CraneRig_Arm.uasset" 321
"../../../Engine/Content/EditorMeshes/Camera/SM_CraneRig_Base.uasset" 322
"../../../Engine/Content/EditorMeshes/Camera/SM_CraneRig_Body.uasset" 323
"../../../Engine/Content/EditorMeshes/Camera/SM_CraneRig_Mount.uasset" 324
"../../../Engine/Content/EditorMeshes/Camera/SM_RailRig_Mount.uasset" 325
"../../../Engine/Content/EditorMeshes/Camera/SM_RailRig_Track.uasset" 326
"../../../Engine/Content/EditorResources/BSPVertex.uasset" 327
"../../../Engine/Content/EditorResources/EmptyActor.uasset" 328
"../../../Engine/Content/EditorResources/S_Actor.uasset" 329
"../../../Engine/Content/EditorResources/S_Note.uasset" 330
"../../../Engine/Content/EditorResources/S_Solver.uasset" 331
"../../../Engine/Content/EditorResources/S_Terrain.uasset" 332
"../../../Engine/Content/EditorResources/S_Trigger.uasset" 333
"../../../Engine/Content/EditorResources/AudioIcons/S_AudioComponent.uasset" 334
"../../../Engine/Content/EditorResources/AudioIcons/S_AudioComponent_AutoActivate.uasset" 335
"../../../Engine/Content/EditorResources/LightIcons/S_LightError.uasset" 336
"../../../Engine/Content/EditorResources/SequenceRecorder/Countdown.uasset" 337
"../../../Engine/Content/EditorResources/SequenceRecorder/RecordingIndicator.uasset" 338
"../../../Engine/Content/EngineDamageTypes/DmgTypeBP_Environmental.uasset" 339
"../../../Engine/Content/EngineDebugMaterials/DebugEditorMaterial.uasset" 340
"../../../Engine/Content/EngineDebugMaterials/DebugMeshMaterial.uasset" 341
"../../../Engine/Content/EngineDebugMaterials/M_SimpleUnlitTranslucent.uasset" 342
"../../../Engine/Content/EngineDebugMaterials/VolumeToRender.uasset" 343
"../../../Engine/Content/Functions/Engine_MaterialFunctions02/Utility/CameraDirectionVector.uasset" 344
"../../../Engine/Content/EngineDebugMaterials/M_VolumeRenderSphereTracePP.uasset" 345
"../../../Engine/Content/Functions/Engine_MaterialFunctions01/Shading/ConvertFromDiffSpec.uasset" 346
"../../../Engine/Content/EngineDebugMaterials/VertexColorMaterial.uasset" 347
"../../../Engine/Content/EngineDebugMaterials/WireframeMaterial.uasset" 348
"../../../Engine/Content/EngineFonts/Faces/RobotoRegular.uasset" 349
"../../../Engine/Content/EngineFonts/Faces/RobotoLight.uasset" 350
"../../../Engine/Content/EngineFonts/Faces/RobotoItalic.uasset" 351
"../../../Engine/Content/EngineFonts/Faces/RobotoBoldItalic.uasset" 352
"../../../Engine/Content/EngineFonts/Faces/RobotoBold.uasset" 353
"../../../Engine/Content/EngineFonts/Faces/DroidSansFallback.uasset" 354
"../../../Engine/Content/EngineFonts/Roboto.uasset" 355
"../../../Engine/Content/EngineMaterials/BaseFlattenNormalMap.uasset" 356
"../../../Engine/Content/EngineMaterials/BaseFlattenGrayscaleMap.uasset" 357
"../../../Engine/Content/EngineMaterials/BaseFlattenEmissiveMap.uasset" 358
"../../../Engine/Content/EngineMaterials/BaseFlattenDiffuseMap.uasset" 359
"../../../Engine/Content/EngineMaterials/BaseFlattenMaterial.uasset" 360
"../../../Engine/Content/EngineMaterials/BlueNoise.uasset" 361
"../../../Engine/Content/EngineMaterials/DefaultBloomKernel.uasset" 362
"../../../Engine/Content/EngineMaterials/DefaultBokeh.uasset" 363
"../../../Engine/Content/EngineMaterials/DefaultDiffuse.uasset" 364
"../../../Engine/Content/EngineMaterials/DefaultDeferredDecalMaterial.uasset" 365
"../../../Engine/Content/EngineMaterials/DefaultLightFunctionMaterial.uasset" 366
"../../../Engine/Content/EngineMaterials/DefaultPhysicalMaterial.uasset" 367
"../../../Engine/Content/Functions/Engine_MaterialFunctions02/Utility/BreakOutFloat2Components.uasset" 368
"../../../Engine/Content/EngineMaterials/DefaultPostProcessMaterial.uasset" 369
"../../../Engine/Content/EngineFonts/RobotoDistanceField.uasset" 370
"../../../Engine/Content/EngineMaterials/DefaultTextMaterialOpaque.uasset" 371
"../../../Engine/Content/EngineMaterials/DefaultWhiteGrid.uasset" 372
"../../../Engine/Content/EngineMaterials/DefaultWhiteGrid_Low.uasset" 373
"../../../Engine/Content/EngineMaterials/EmissiveMeshMaterial.uasset" 374
"../../../Engine/Content/EngineMaterials/GizmoMaterial.uasset" 375
"../../../Engine/Content/EngineMaterials/Good64x64TilingNoiseHighFreq.uasset" 376
"../../../Engine/Content/EngineMaterials/MiniFont.uasset" 377
"../../../Engine/Content/EngineMaterials/InvalidLightmapSettings.uasset" 378
"../../../Engine/Content/EngineMaterials/M_InvalidLightmapSettings.uasset" 379
"../../../Engine/Content/Functions/Engine_MaterialFunctions02/WorldPositionOffset/CameraOffset.uasset" 380
"../../../Engine/Content/EngineMaterials/PhAT_JointLimitMaterial.uasset" 381
"../../../Engine/Content/EngineMaterials/PreintegratedSkinBRDF.uasset" 382
"../../../Engine/Content/EngineMaterials/RemoveSurfaceMaterial.uasset" 383
"../../../Engine/Content/EngineMaterials/WeightMapPlaceholderTexture.uasset" 384
"../../../Engine/Content/EngineResources/WhiteSquareTexture.uasset" 385
"../../../Engine/Content/EngineMaterials/Widget3DPassThrough.uasset" 386
"../../../Engine/Content/EngineMaterials/Widget3DPassThrough_Masked.uasset" 387
"../../../Engine/Content/EngineMaterials/Widget3DPassThrough_Opaque.uasset" 388
"../../../Engine/Content/EngineMaterials/Widget3DPassThrough_Masked_OneSided.uasset" 389
"../../../Engine/Content/EngineMaterials/Widget3DPassThrough_Opaque_OneSided.uasset" 390
"../../../Engine/Content/EngineMaterials/Widget3DPassThrough_Translucent.uasset" 391
"../../../Engine/Content/EngineMaterials/Widget3DPassThrough_Translucent_OneSided.uasset" 392
"../../../Engine/Content/EngineMeshes/Cylinder.uasset" 393
"../../../Engine/Content/EngineMeshes/Sphere.uasset" 394
"../../../Engine/Content/EngineResources/Black.uasset" 395
"../../../Engine/Content/EngineResources/DefaultTextureCube.uasset" 396
"../../../Engine/Content/EngineResources/DefaultVolumeTexture2D.uasset" 397
"../../../Engine/Content/EngineResources/DefaultVolumeTexture.uasset" 398
"../../../Engine/Content/EngineResources/GradientTexture0.uasset" 399
"../../../Engine/Content/EngineSky/VolumetricClouds/CloudWeatherTexture.uasset" 400
"../../../Engine/Content/EngineSky/VolumetricClouds/CloudGradientTexture.uasset" 401
"../../../Engine/Content/EngineSky/VolumetricClouds/T_NoiseShape64.uasset" 402
"../../../Engine/Content/EngineSky/VolumetricClouds/T_VolumeNoiseShape64.uasset" 403
"../../../Engine/Content/EngineSky/VolumetricClouds/T_NoiseErosion.uasset" 404
"../../../Engine/Content/EngineSky/VolumetricClouds/T_VolumeNoiseErosion32.uasset" 405
"../../../Engine/Content/Functions/Engine_MaterialFunctions02/Utility/MakeFloat2.uasset" 406
"../../../Engine/Content/EngineSky/VolumetricClouds/m_SimpleVolumetricCloud.uasset" 407
"../../../Engine/Content/EngineSky/VolumetricClouds/m_SimpleVolumetricCloud_Inst.uasset" 408
"../../../Engine/Content/EngineSounds/Master.uasset" 409
"../../../Engine/Content/Functions/Engine_MaterialFunctions01/Shading/PowerToRoughness.uasset" 410
"../../../Engine/Content/Maps/Templates/Thumbnails/Default.uasset" 411
"../../../Engine/Content/Maps/Templates/Thumbnails/TimeOfDay.uasset" 412
"../../../Engine/Content/Maps/Templates/Thumbnails/VR-Basic.uasset" 413
"../../../Engine/Content/MobileResources/T_MobileControls_texture.uasset" 414
"../../../Engine/Content/MobileResources/T_MobileMenu2.uasset" 415
"../../../Engine/Content/MobileResources/HUD/AnalogHat.uasset" 416
"../../../Engine/Content/MobileResources/HUD/VirtualJoystick_Thumb.uasset" 417
"../../../Engine/Content/MobileResources/HUD/VirtualJoystick_Background.uasset" 418
"../../../Engine/Content/MobileResources/HUD/DefaultVirtualJoysticks.uasset" 419
"../../../Engine/Content/MobileResources/HUD/LeftVirtualJoystickOnly.uasset" 420
"../../../Engine/Content/MobileResources/HUD/MobileHUDButton1_off.uasset" 421
"../../../Engine/Content/MobileResources/HUD/MobileHUDButton1_on.uasset" 422
"../../../Engine/Content/MobileResources/HUD/MobileHUDButton2_off.uasset" 423
"../../../Engine/Content/MobileResources/HUD/MobileHUDButton2_on.uasset" 424
"../../../Engine/Content/MobileResources/HUD/MobileHUDButton3.uasset" 425
"../../../Engine/Content/MobileResources/HUD/MobileHUDButtonFire.uasset" 426
"../../../Engine/Content/MobileResources/HUD/MobileHUDDirectionPad.uasset" 427
"../../../Engine/Content/MobileResources/HUD/MobileHUDDirectionPad2.uasset" 428
"../../../Engine/Content/MobileResources/HUD/MobileHUDDirectionPad3.uasset" 429
"../../../Engine/Content/MobileResources/HUD/MobileHUDDirectionStick.uasset" 430
"../../../Engine/Content/MobileResources/HUD/T_Castle_ThumbstickInner.uasset" 431
"../../../Engine/Content/MobileResources/HUD/T_Castle_ThumbstickOutter.uasset" 432
"../../../Engine/Content/Tutorial/ContentIntroCurve.uasset" 433
"../../../Engine/Content/Tutorial/Basics/LevelEditorAttract.uasset" 434
"../../../Engine/Content/VREditor/TransformGizmo/TranslucentTransformGizmoMaterial.uasset" 435
"../../../Engine/Content/VREditor/LaserPointer/VR_LaserPower_01.uasset" 436
"../../../Engine/Content/VREditor/TransformGizmo/TransformGizmoMaterial.uasset" 437
"../../../Engine/Content/VREditor/TransformGizmo/BoundingBoxCorner.uasset" 438
"../../../Engine/Content/VREditor/TransformGizmo/BoundingBoxEdge.uasset" 439
"../../../Engine/Content/VREditor/TransformGizmo/PlaneTranslationHandle.uasset" 440
"../../../Engine/Content/VREditor/TransformGizmo/Xray.uasset" 441
"../../../Engine/Content/VREditor/TransformGizmo/Main.uasset" 442
"../../../Engine/Content/VREditor/TransformGizmo/SM_Sequencer_Key.uasset" 443
"../../../Engine/Content/VREditor/TransformGizmo/SM_Sequencer_Node.uasset" 444
"../../Plugins/2D/Paper2D/Content/DummySprite.uasset" 445
"../../Plugins/2D/Paper2D/Content/DefaultPaperTerrainMaterial.uasset" 446
"../../Plugins/2D/Paper2D/Content/MaskedUnlitSpriteMaterial.uasset" 447
"../../Plugins/2D/Paper2D/Content/OpaqueUnlitSpriteMaterial.uasset" 448
"../../../Engine/Content/Functions/Engine_MaterialFunctions02/Utility/BreakOutFloat3Components.uasset" 449
"../../Plugins/Editor/SpeedTreeImporter/Content/SpeedTree9/UnpackInteger3.uasset" 450
"../../Plugins/Editor/SpeedTreeImporter/Content/SpeedTree9/UnpackDirection.uasset" 451
"../../Plugins/Editor/SpeedTreeImporter/Content/SpeedTree9/game_wind_noise.uasset" 452
"../../../Engine/Content/Functions/Engine_MaterialFunctions02/SafeNormalize.uasset" 453
"../../Plugins/Editor/SpeedTreeImporter/Content/SpeedTree9/SpeedTreeWindMotion.uasset" 454
"../../Plugins/Editor/SpeedTreeImporter/Content/SpeedTree9/SpeedTreeBranchMotion.uasset" 455
"../../../Engine/Content/Functions/Engine_MaterialFunctions02/ObjectLocalBounds.uasset" 456
"../../../Engine/Content/Functions/Engine_MaterialFunctions02/UVs/BoundingBoxBased_0-1_UVW.uasset" 457
"../../Plugins/Editor/SpeedTreeImporter/Content/SpeedTree9/SpeedTreeWind.uasset" 458
"../../Plugins/Editor/SpeedTreeImporter/Content/SpeedTree9/SpeedTreeBillboard.uasset" 459
"../../../Engine/Content/EngineResources/DefaultTexture.uasset" 460
"../../Plugins/Editor/SpeedTreeImporter/Content/SpeedTree9/SpeedTreeBillboardMaster.uasset" 461
"../../Plugins/Editor/SpeedTreeImporter/Content/SpeedTree9/SpeedTreeCameraFacing.uasset" 462
"../../Plugins/Editor/SpeedTreeImporter/Content/SpeedTree9/SpeedTreeMaster.uasset" 463
"../../../Engine/Content/ArtTools/RenderToTexture/Materials/Debug/M_Emissive_Color.uasset" 464
"../../Plugins/Lumin/MagicLeapPassableWorld/Content/MagicLeapARPinInfoActor.uasset" 465
"../../Plugins/Marketplace/PowerIK/Content/Step_Height_Curve.uasset" 466
"../../Plugins/Marketplace/PowerIK/Content/Step_Speed_Curve.uasset" 467
"../../Plugins/Experimental/ControlRig/Content/M_Manip.uasset" 468
"../../Plugins/Experimental/ControlRig/Content/Controls/ControlRigGizmoMaterial.uasset" 469
"../../Plugins/Experimental/ControlRig/Content/Controls/ControlRig_Arrow2_1mm.uasset" 470
"../../Plugins/Experimental/ControlRig/Content/Controls/ControlRig_Arrow2_3mm.uasset" 471
"../../Plugins/Experimental/ControlRig/Content/Controls/ControlRig_Arrow2_solid.uasset" 472
"../../Plugins/Experimental/ControlRig/Content/Controls/ControlRig_Arrow4_1mm.uasset" 473
"../../Plugins/Experimental/ControlRig/Content/Controls/ControlRig_Arrow4_3mm.uasset" 474
"../../Plugins/Experimental/ControlRig/Content/Controls/ControlRig_Arrow4_solid.uasset" 475
"../../Plugins/Experimental/ControlRig/Content/Controls/ControlRig_Arrow_1mm.uasset" 476
"../../Plugins/Experimental/ControlRig/Content/Controls/ControlRig_Arrow_3mm.uasset" 477
"../../Plugins/Experimental/ControlRig/Content/Controls/ControlRig_Arrow_solid.uasset" 478
"../../Plugins/Experimental/ControlRig/Content/Controls/ControlRig_Box_1mm.uasset" 479
"../../Plugins/Experimental/ControlRig/Content/Controls/ControlRig_Box_3mm.uasset" 480
"../../Plugins/Experimental/ControlRig/Content/Controls/ControlRig_Box_solid.uasset" 481
"../../Plugins/Experimental/ControlRig/Content/Controls/ControlRig_Circle_1mm.uasset" 482
"../../Plugins/Experimental/ControlRig/Content/Controls/ControlRig_Circle_3mm.uasset" 483
"../../Plugins/Experimental/ControlRig/Content/Controls/ControlRig_Circle_solid.uasset" 484
"../../Plugins/Experimental/ControlRig/Content/Controls/ControlRig_Diamond_1mm.uasset" 485
"../../Plugins/Experimental/ControlRig/Content/Controls/ControlRig_Diamond_3mm.uasset" 486
"../../Plugins/Experimental/ControlRig/Content/Controls/ControlRig_Diamond_solid.uasset" 487
"../../Plugins/Experimental/ControlRig/Content/Controls/ControlRig_HalfCircle_1mm.uasset" 488
"../../Plugins/Experimental/ControlRig/Content/Controls/ControlRig_HalfCircle_3mm.uasset" 489
"../../Plugins/Experimental/ControlRig/Content/Controls/ControlRig_HalfCircle_solid.uasset" 490
"../../Plugins/Experimental/ControlRig/Content/Controls/ControlRig_Hexagon_1mm.uasset" 491
"../../Plugins/Experimental/ControlRig/Content/Controls/ControlRig_Hexagon_3mm.uasset" 492
"../../Plugins/Experimental/ControlRig/Content/Controls/ControlRig_Hexagon_solid.uasset" 493
"../../Plugins/Experimental/ControlRig/Content/Controls/ControlRig_Octagon_1mm.uasset" 494
"../../Plugins/Experimental/ControlRig/Content/Controls/ControlRig_Octagon_3mm.uasset" 495
"../../Plugins/Experimental/ControlRig/Content/Controls/ControlRig_Octagon_solid.uasset" 496
"../../Plugins/Experimental/ControlRig/Content/Controls/ControlRig_Pyramid_1mm.uasset" 497
"../../Plugins/Experimental/ControlRig/Content/Controls/ControlRig_Pyramid_3mm.uasset" 498
"../../Plugins/Experimental/ControlRig/Content/Controls/ControlRig_Pyramid_solid.uasset" 499
"../../Plugins/Experimental/ControlRig/Content/Controls/ControlRig_QuarterCircle_1mm.uasset" 500
"../../Plugins/Experimental/ControlRig/Content/Controls/ControlRig_QuarterCircle_3mm.uasset" 501
"../../Plugins/Experimental/ControlRig/Content/Controls/ControlRig_QuarterCircle_solid.uasset" 502
"../../Plugins/Experimental/ControlRig/Content/Controls/ControlRig_RoundedSquare_1mm.uasset" 503
"../../Plugins/Experimental/ControlRig/Content/Controls/ControlRig_RoundedSquare_3mm.uasset" 504
"../../Plugins/Experimental/ControlRig/Content/Controls/ControlRig_RoundedSquare_solid.uasset" 505
"../../Plugins/Experimental/ControlRig/Content/Controls/ControlRig_RoundedTriangle_1mm.uasset" 506
"../../Plugins/Experimental/ControlRig/Content/Controls/ControlRig_RoundedTriangle_3mm.uasset" 507
"../../Plugins/Experimental/ControlRig/Content/Controls/ControlRig_RoundedTriangle_solid.uasset" 508
"../../Plugins/Experimental/ControlRig/Content/Controls/ControlRig_Sphere_1mm.uasset" 509
"../../Plugins/Experimental/ControlRig/Content/Controls/ControlRig_Sphere_3mm.uasset" 510
"../../Plugins/Experimental/ControlRig/Content/Controls/ControlRig_Sphere_solid.uasset" 511
"../../Plugins/Experimental/ControlRig/Content/Controls/ControlRig_Square_1mm.uasset" 512
"../../Plugins/Experimental/ControlRig/Content/Controls/ControlRig_Square_3mm.uasset" 513
"../../Plugins/Experimental/ControlRig/Content/Controls/ControlRig_Square_solid.uasset" 514
"../../Plugins/Experimental/ControlRig/Content/Controls/ControlRig_Star4_1mm.uasset" 515
"../../Plugins/Experimental/ControlRig/Content/Controls/ControlRig_Star4_3mm.uasset" 516
"../../Plugins/Experimental/ControlRig/Content/Controls/ControlRig_Star4_solid.uasset" 517
"../../Plugins/Experimental/ControlRig/Content/Controls/ControlRig_Triangle_1mm.uasset" 518
"../../Plugins/Experimental/ControlRig/Content/Controls/ControlRig_Triangle_3mm.uasset" 519
"../../Plugins/Experimental/ControlRig/Content/Controls/ControlRig_Triangle_solid.uasset" 520
"../../Plugins/Experimental/ControlRig/Content/Controls/ControlRig_Wedge_1mm.uasset" 521
"../../Plugins/Experimental/ControlRig/Content/Controls/ControlRig_Wedge_3mm.uasset" 522
"../../Plugins/Experimental/ControlRig/Content/Controls/ControlRig_Wedge_solid.uasset" 523
"../../Plugins/Experimental/ControlRig/Content/Controls/DefaultGizmoLibrary.uasset" 524
"../../../Engine/Content/Functions/Engine_MaterialFunctions02/Utility/BreakOutFloat4Components.uasset" 525
"../../../Engine/Content/Functions/Engine_MaterialFunctions02/Utility/MakeFloat3.uasset" 526
"../../Plugins/Runtime/Oculus/OculusVR/Content/Materials/OculusMR_ChromaKey.uasset" 527
"../../Plugins/Runtime/Oculus/OculusVR/Content/Materials/OculusMR_OpaqueColoredMaterial.uasset" 528
"../../Plugins/Runtime/Oculus/OculusVR/Content/Materials/PokeAHoleMaterial.uasset" 529
"../../../Engine/Content/EditorMeshes/ColorCalibrator/M_GreyBall.uasset" 530
"../../../Engine/Content/EditorMeshes/ColorCalibrator/Color_checker.uasset" 531
"../../../Engine/Content/EditorMeshes/ColorCalibrator/M_ColorGrid.uasset" 532
"../../../Engine/Content/EditorMeshes/ColorCalibrator/M_ClearCoatBlack.uasset" 533
"../../../Engine/Content/EditorMeshes/ColorCalibrator/M_ClearCoat.uasset" 534
"../../../Engine/Content/EditorMeshes/ColorCalibrator/M_ChromeBall.uasset" 535
"../../../Engine/Content/EditorMeshes/ColorCalibrator/SM_ColorCalibrator.uasset" 536
"../../../../../../Unreal Projects/Baseball_Prototype/Content/StarterContent/Maps/Advanced_Lighting_BuiltData.uasset" 537
"../../../../../../Unreal Projects/Baseball_Prototype/Content/StarterContent/HDRI/HDRI_Epic_Courtyard_Daylight.uasset" 538
"../../../Engine/Content/MapTemplates/Sky/DaylightAmbientCubemap.uasset" 539
"../../../../../../Unreal Projects/Baseball_Prototype/Content/StarterContent/Blueprints/Assets/M_LightStage_Skybox_Master.uasset" 540
"../../../../../../Unreal Projects/Baseball_Prototype/Content/StarterContent/Blueprints/Assets/M_LightStage_Skybox_HDRI.uasset" 541
"../../../../../../Unreal Projects/Baseball_Prototype/Content/StarterContent/Blueprints/Assets/M_LightStage_Arrows.uasset" 542
"../../../../../../Unreal Projects/Baseball_Prototype/Content/StarterContent/Blueprints/Assets/SM_Arrows.uasset" 543
"../../../Engine/Content/EditorMaterials/Thumbnails/SkySphereMaterial.uasset" 544
"../../../../../../Unreal Projects/Baseball_Prototype/Content/StarterContent/Blueprints/Assets/Skybox.uasset" 545
"../../../../../../Unreal Projects/Baseball_Prototype/Content/StarterContent/Blueprints/Assets/M_LightStage_Skybox_Black.uasset" 546
"../../../../../../Unreal Projects/Baseball_Prototype/Content/StarterContent/Blueprints/Assets/SunlightColorLUT.uasset" 547
"../../../../../../Unreal Projects/Baseball_Prototype/Content/StarterContent/Blueprints/Assets/FogBrightnessLUT.uasset" 548
"../../../../../../Unreal Projects/Baseball_Prototype/Content/StarterContent/Blueprints/BP_LightStudio.uasset" 549
"../../../../../../Unreal Projects/Baseball_Prototype/Content/StarterContent/Materials/M_AssetPlatform.uasset" 550
"../../../../../../Unreal Projects/Baseball_Prototype/Content/StarterContent/Architecture/SM_AssetPlatform.uasset" 551
"../../../../../../Unreal Projects/Baseball_Prototype/Content/StarterContent/Maps/Advanced_Lighting.umap" 552
"../../../../../../Unreal Projects/Baseball_Prototype/Content/StarterContent/Textures/T_TableRound_N.uasset" 553
"../../../../../../Unreal Projects/Baseball_Prototype/Content/StarterContent/Textures/T_TableRound_M.uasset" 554
"../../../../../../Unreal Projects/Baseball_Prototype/Content/StarterContent/Props/Materials/M_TableRound.uasset" 555
"../../../../../../Unreal Projects/Baseball_Prototype/Content/StarterContent/Props/SM_TableRound.uasset" 556
"../../../../../../Unreal Projects/Baseball_Prototype/Content/StarterContent/Textures/T_Statue_N.uasset" 557
"../../../../../../Unreal Projects/Baseball_Prototype/Content/StarterContent/Textures/T_Statue_M.uasset" 558
"../../../../../../Unreal Projects/Baseball_Prototype/Content/StarterContent/Props/Materials/M_Statue.uasset" 559
"../../../../../../Unreal Projects/Baseball_Prototype/Content/StarterContent/Props/Materials/M_StatueGlass.uasset" 560
"../../../../../../Unreal Projects/Baseball_Prototype/Content/StarterContent/Props/SM_Statue.uasset" 561
"../../../../../../Unreal Projects/Baseball_Prototype/Content/StarterContent/Props/SM_Chair.uasset" 562
"../../../../../../Unreal Projects/Baseball_Prototype/Content/StarterContent/Textures/T_Metal_Copper_D.uasset" 563
"../../../../../../Unreal Projects/Baseball_Prototype/Content/StarterContent/Textures/T_Metal_Gold_N.uasset" 564
"../../../../../../Unreal Projects/Baseball_Prototype/Content/StarterContent/Textures/T_MacroVariation.uasset" 565
"../../../../../../Unreal Projects/Baseball_Prototype/Content/StarterContent/Materials/M_Metal_Copper.uasset" 566
"../../../../../../Unreal Projects/Baseball_Prototype/Content/StarterContent/Textures/T_Metal_Aluminum_D.uasset" 567
"../../../../../../Unreal Projects/Baseball_Prototype/Content/StarterContent/Materials/M_Metal_Burnished_Steel.uasset" 568
"../../../../../../Unreal Projects/Baseball_Prototype/Content/StarterContent/Materials/M_Metal_Brushed_Nickel.uasset" 569
"../../../Engine/Content/EngineSky/T_Sky_Stars.uasset" 570
"../../../Engine/Content/EngineSky/T_Sky_Clouds_M.uasset" 571
"../../../Engine/Content/EngineSky/T_Sky_Blue.uasset" 572
"../../../Engine/Content/EngineSky/M_Sky_Panning_Clouds2.uasset" 573
"../../../../../../Unreal Projects/Baseball_Prototype/Content/StarterContent/Maps/Minimal_Default_BuiltData.uasset" 574
"../../../Engine/Content/EngineSky/SM_SkySphere.uasset" 575
"../../../Engine/Content/EngineSky/C_Sky_Zenith_Color.uasset" 576
"../../../Engine/Content/EngineSky/C_Sky_Horizon_Color.uasset" 577
"../../../Engine/Content/EngineSky/C_Sky_Cloud_Color.uasset" 578
"../../../Engine/Content/EngineSky/BP_Sky_Sphere.uasset" 579
"../../../../../../Unreal Projects/Baseball_Prototype/Content/StarterContent/Audio/Starter_Background_Cue.uasset" 580
"../../../../../../Unreal Projects/Baseball_Prototype/Content/StarterContent/Architecture/Floor_400x400.uasset" 581
"../../../../../../Unreal Projects/Baseball_Prototype/Content/StarterContent/Maps/Minimal_Default.umap" 582
"../../../../../../Unreal Projects/Baseball_Prototype/Content/StarterContent/Textures/T_Metal_Rust_N.uasset" 583
"../../../../../../Unreal Projects/Baseball_Prototype/Content/StarterContent/Textures/T_Concrete_Grime_D.uasset" 584
"../../../../../../Unreal Projects/Baseball_Prototype/Content/StarterContent/Textures/T_Perlin_Noise_M.uasset" 585
"../../../../../../Unreal Projects/Baseball_Prototype/Content/StarterContent/Materials/M_Concrete_Grime.uasset" 586
"../../../../../../Unreal Projects/Baseball_Prototype/Content/StarterContent/Textures/T_CobbleStone_Smooth_N.uasset" 587
"../../../../../../Unreal Projects/Baseball_Prototype/Content/StarterContent/Textures/T_CobbleStone_Smooth_M.uasset" 588
"../../../../../../Unreal Projects/Baseball_Prototype/Content/StarterContent/Textures/T_CobbleStone_Smooth_D.uasset" 589
"../../../../../../Unreal Projects/Baseball_Prototype/Content/StarterContent/Textures/T_Rock_Smooth_Granite_D.uasset" 590
"../../../../../../Unreal Projects/Baseball_Prototype/Content/StarterContent/Textures/T_Gradinet_01.uasset" 591
"../../../../../../Unreal Projects/Baseball_Prototype/Content/StarterContent/Materials/M_CobbleStone_Smooth.uasset" 592
"../../../../../../Unreal Projects/Baseball_Prototype/Content/StarterContent/Textures/T_CobbleStone_Rough_N.uasset" 593
"../../../../../../Unreal Projects/Baseball_Prototype/Content/StarterContent/Textures/T_CobbleStone_Rough_D.uasset" 594
"../../../../../../Unreal Projects/Baseball_Prototype/Content/StarterContent/Materials/M_CobbleStone_Rough.uasset" 595
"../../../../../../Unreal Projects/Baseball_Prototype/Content/StarterContent/Textures/T_CobbleStone_Pebble_N.uasset" 596
"../../../../../../Unreal Projects/Baseball_Prototype/Content/StarterContent/Textures/T_CobbleStone_Pebble_M.uasset" 597
"../../../../../../Unreal Projects/Baseball_Prototype/Content/StarterContent/Textures/T_CobbleStone_Pebble_D.uasset" 598
"../../../../../../Unreal Projects/Baseball_Prototype/Content/StarterContent/Materials/M_CobbleStone_Pebble.uasset" 599
"../../../../../../Unreal Projects/Baseball_Prototype/Content/StarterContent/Textures/T_Rock_Marble_Polished_D.uasset" 600
"../../../../../../Unreal Projects/Baseball_Prototype/Content/StarterContent/Textures/T_Ceramic_Tile_N.uasset" 601
"../../../../../../Unreal Projects/Baseball_Prototype/Content/StarterContent/Textures/T_Ceramic_Tile_M.uasset" 602
"../../../../../../Unreal Projects/Baseball_Prototype/Content/StarterContent/Materials/M_Ceramic_Tile_Checker.uasset" 603
"../../../../../../Unreal Projects/Baseball_Prototype/Content/StarterContent/Textures/T_Brick_Hewn_Stone_N.uasset" 604
"../../../../../../Unreal Projects/Baseball_Prototype/Content/StarterContent/Textures/T_Brick_Hewn_Stone_M.uasset" 605
"../../../../../../Unreal Projects/Baseball_Prototype/Content/StarterContent/Textures/T_Brick_Hewn_Stone_D.uasset" 606
"../../../../../../Unreal Projects/Baseball_Prototype/Content/StarterContent/Materials/M_Brick_Hewn_Stone.uasset" 607
"../../../../../../Unreal Projects/Baseball_Prototype/Content/StarterContent/Textures/T_Brick_Cut_Stone_N.uasset" 608
"../../../../../../Unreal Projects/Baseball_Prototype/Content/StarterContent/Textures/T_Brick_Cut_Stone_D.uasset" 609
"../../../../../../Unreal Projects/Baseball_Prototype/Content/StarterContent/Materials/M_Brick_Cut_Stone.uasset" 610
"../../../../../../Unreal Projects/Baseball_Prototype/Content/StarterContent/Textures/T_Brick_Clay_Old_N.uasset" 611
"../../../../../../Unreal Projects/Baseball_Prototype/Content/StarterContent/Textures/T_Brick_Clay_Old_D.uasset" 612
"../../../../../../Unreal Projects/Baseball_Prototype/Content/StarterContent/Materials/M_Brick_Clay_Old.uasset" 613
"../../../../../../Unreal Projects/Baseball_Prototype/Content/StarterContent/Textures/T_Brick_Clay_New_N.uasset" 614
"../../../../../../Unreal Projects/Baseball_Prototype/Content/StarterContent/Textures/T_Brick_Clay_New_M.uasset" 615
"../../../../../../Unreal Projects/Baseball_Prototype/Content/StarterContent/Textures/T_Brick_Clay_New_D.uasset" 616
"../../../../../../Unreal Projects/Baseball_Prototype/Content/StarterContent/Materials/M_Brick_Clay_New.uasset" 617
"../../../../../../Unreal Projects/Baseball_Prototype/Content/StarterContent/Textures/T_Brick_Clay_Beveled_N.uasset" 618
"../../../../../../Unreal Projects/Baseball_Prototype/Content/StarterContent/Textures/T_Brick_Clay_Beveled_M.uasset" 619
"../../../../../../Unreal Projects/Baseball_Prototype/Content/StarterContent/Textures/T_Brick_Clay_Beveled_D.uasset" 620
"../../../../../../Unreal Projects/Baseball_Prototype/Content/StarterContent/Materials/M_Brick_Clay_Beveled.uasset" 621
"../../../Engine/Content/Functions/Engine_MaterialFunctions03/Procedurals/ComputeFilterWidth.uasset" 622
"../../../Engine/Content/EngineMaterials/AntiAliasedTextMaterialTranslucent.uasset" 623
"../../../../../../Unreal Projects/Baseball_Prototype/Content/StarterContent/Maps/StarterMap_BuiltData.uasset" 624
"../../../../../../Unreal Projects/Baseball_Prototype/Content/StarterContent/Textures/T_Lamp_N.uasset" 625
"../../../../../../Unreal Projects/Baseball_Prototype/Content/StarterContent/Textures/T_Lamp_M.uasset" 626
"../../../../../../Unreal Projects/Baseball_Prototype/Content/StarterContent/Props/Materials/M_Lamp.uasset" 627
"../../../../../../Unreal Projects/Baseball_Prototype/Content/StarterContent/Props/SM_Lamp_Wall.uasset" 628
"../../../../../../Unreal Projects/Baseball_Prototype/Content/StarterContent/Blueprints/Blueprint_WallSconce.uasset" 629
"../../../../../../Unreal Projects/Baseball_Prototype/Content/StarterContent/Particles/P_Steam_Lit.uasset" 630
"../../../../../../Unreal Projects/Baseball_Prototype/Content/StarterContent/Audio/Steam01_Cue.uasset" 631
"../../../../../../Unreal Projects/Baseball_Prototype/Content/StarterContent/Blueprints/Blueprint_Effect_Steam.uasset" 632
"../../../../../../Unreal Projects/Baseball_Prototype/Content/StarterContent/Textures/T_Spark_Core.uasset" 633
"../../../../../../Unreal Projects/Baseball_Prototype/Content/StarterContent/Particles/Materials/M_Spark.uasset" 634
"../../../../../../Unreal Projects/Baseball_Prototype/Content/StarterContent/Particles/Materials/M_Radial_Gradient.uasset" 635
"../../../../../../Unreal Projects/Baseball_Prototype/Content/StarterContent/Particles/P_Sparks.uasset" 636
"../../../../../../Unreal Projects/Baseball_Prototype/Content/StarterContent/Audio/Fire_Sparks01_Cue.uasset" 637
"../../../../../../Unreal Projects/Baseball_Prototype/Content/StarterContent/Blueprints/Blueprint_Effect_Sparks.uasset" 638
"../../../../../../Unreal Projects/Baseball_Prototype/Content/StarterContent/Particles/P_Smoke.uasset" 639
"../../../../../../Unreal Projects/Baseball_Prototype/Content/StarterContent/Audio/Smoke01_Cue.uasset" 640
"../../../../../../Unreal Projects/Baseball_Prototype/Content/StarterContent/Blueprints/Blueprint_Effect_Smoke.uasset" 641
"../../../../../../Unreal Projects/Baseball_Prototype/Content/StarterContent/Textures/T_Water_N.uasset" 642
"../../../../../../Unreal Projects/Baseball_Prototype/Content/StarterContent/Particles/Materials/M_Heat_Distortion.uasset" 643
"../../../../../../Unreal Projects/Baseball_Prototype/Content/StarterContent/Textures/T_Fire_Tiled_D.uasset" 644
"../../../../../../Unreal Projects/Baseball_Prototype/Content/StarterContent/Textures/T_Fire_SubUV.uasset" 645
"../../../../../../Unreal Projects/Baseball_Prototype/Content/StarterContent/Particles/Materials/M_Fire_SubUV.uasset" 646
"../../../../../../Unreal Projects/Baseball_Prototype/Content/StarterContent/Particles/P_Fire.uasset" 647
"../../../../../../Unreal Projects/Baseball_Prototype/Content/StarterContent/Audio/Fire01_Cue.uasset" 648
"../../../../../../Unreal Projects/Baseball_Prototype/Content/StarterContent/Blueprints/Blueprint_Effect_Fire.uasset" 649
"../../../../../../Unreal Projects/Baseball_Prototype/Content/StarterContent/Props/SM_Lamp_Ceiling.uasset" 650
"../../../../../../Unreal Projects/Baseball_Prototype/Content/StarterContent/Blueprints/Blueprint_CeilingLight.uasset" 651
"../../../../../../Unreal Projects/Baseball_Prototype/Content/StarterContent/Audio/Starter_Music_Cue.uasset" 652
"../../../../../../Unreal Projects/Baseball_Prototype/Content/StarterContent/Shapes/Shape_Sphere.uasset" 653
"../../../../../../Unreal Projects/Baseball_Prototype/Content/StarterContent/Shapes/Shape_QuadPyramid.uasset" 654
"../../../../../../Unreal Projects/Baseball_Prototype/Content/StarterContent/Shapes/Shape_Cube.uasset" 655
"../../../../../../Unreal Projects/Baseball_Prototype/Content/StarterContent/Textures/T_Frame_N.uasset" 656
"../../../../../../Unreal Projects/Baseball_Prototype/Content/StarterContent/Textures/T_Frame_M.uasset" 657
"../../../../../../Unreal Projects/Baseball_Prototype/Content/StarterContent/Props/Materials/M_Frame.uasset" 658
"../../../../../../Unreal Projects/Baseball_Prototype/Content/StarterContent/Props/SM_WindowFrame.uasset" 659
"../../../../../../Unreal Projects/Baseball_Prototype/Content/StarterContent/Props/SM_PillarFrame300.uasset" 660
"../../../../../../Unreal Projects/Baseball_Prototype/Content/StarterContent/Props/SM_PillarFrame.uasset" 661
"../../../../../../Unreal Projects/Baseball_Prototype/Content/StarterContent/Props/SM_GlassWindow.uasset" 662
"../../../../../../Unreal Projects/Baseball_Prototype/Content/StarterContent/Props/SM_DoorFrame.uasset" 663
"../../../../../../Unreal Projects/Baseball_Prototype/Content/StarterContent/Props/SM_CornerFrame.uasset" 664
"../../../../../../Unreal Projects/Baseball_Prototype/Content/StarterContent/Props/MaterialSphere.uasset" 665
"../../../../../../Unreal Projects/Baseball_Prototype/Content/StarterContent/Textures/T_Dust_Particle_D.uasset" 666
"../../../../../../Unreal Projects/Baseball_Prototype/Content/StarterContent/Particles/Materials/M_Dust_Particle.uasset" 667
"../../../../../../Unreal Projects/Baseball_Prototype/Content/StarterContent/Particles/P_Ambient_Dust.uasset" 668
"../../../../../../Unreal Projects/Baseball_Prototype/Content/StarterContent/Textures/T_Wood_Walnut_N.uasset" 669
"../../../../../../Unreal Projects/Baseball_Prototype/Content/StarterContent/Textures/T_Wood_Walnut_D.uasset" 670
"../../../../../../Unreal Projects/Baseball_Prototype/Content/StarterContent/Materials/M_Wood_Walnut.uasset" 671
"../../../../../../Unreal Projects/Baseball_Prototype/Content/StarterContent/Textures/T_Wood_Pine_N.uasset" 672
"../../../../../../Unreal Projects/Baseball_Prototype/Content/StarterContent/Textures/T_Wood_Pine_D.uasset" 673
"../../../../../../Unreal Projects/Baseball_Prototype/Content/StarterContent/Materials/M_Wood_Pine.uasset" 674
"../../../../../../Unreal Projects/Baseball_Prototype/Content/StarterContent/Textures/T_Wood_Oak_N.uasset" 675
"../../../../../../Unreal Projects/Baseball_Prototype/Content/StarterContent/Textures/T_Wood_Oak_D.uasset" 676
"../../../../../../Unreal Projects/Baseball_Prototype/Content/StarterContent/Materials/M_Wood_Oak.uasset" 677
"../../../Engine/Content/Functions/Engine_MaterialFunctions01/Opacity/AlphaOffset.uasset" 678
"../../../../../../Unreal Projects/Baseball_Prototype/Content/StarterContent/Textures/T_Wood_Floor_Walnut_N.uasset" 679
"../../../../../../Unreal Projects/Baseball_Prototype/Content/StarterContent/Textures/T_Wood_Floor_Walnut_M.uasset" 680
"../../../../../../Unreal Projects/Baseball_Prototype/Content/StarterContent/Textures/T_Wood_Floor_Walnut_D.uasset" 681
"../../../../../../Unreal Projects/Baseball_Prototype/Content/StarterContent/Materials/M_Wood_Floor_Walnut_Worn.uasset" 682
"../../../../../../Unreal Projects/Baseball_Prototype/Content/StarterContent/Materials/M_Wood_Floor_Walnut_Polished.uasset" 683
"../../../../../../Unreal Projects/Baseball_Prototype/Content/StarterContent/Textures/T_Water_M.uasset" 684
"../../../../../../Unreal Projects/Baseball_Prototype/Content/StarterContent/Materials/M_Water_Ocean.uasset" 685
"../../../../../../Unreal Projects/Baseball_Prototype/Content/StarterContent/Materials/M_Water_Lake.uasset" 686
"../../../../../../Unreal Projects/Baseball_Prototype/Content/StarterContent/Textures/T_Tech_Panel_N.uasset" 687
"../../../../../../Unreal Projects/Baseball_Prototype/Content/StarterContent/Textures/T_Tech_Panel_M.uasset" 688
"../../../../../../Unreal Projects/Baseball_Prototype/Content/StarterContent/Textures/T_Metal_Steel_D.uasset" 689
"../../../../../../Unreal Projects/Baseball_Prototype/Content/StarterContent/Materials/M_Tech_Panel.uasset" 690
"../../../../../../Unreal Projects/Baseball_Prototype/Content/StarterContent/Textures/T_Tech_Hex_Tile_N.uasset" 691
"../../../../../../Unreal Projects/Baseball_Prototype/Content/StarterContent/Textures/T_Tech_Hex_Tile_M.uasset" 692
"../../../../../../Unreal Projects/Baseball_Prototype/Content/StarterContent/Materials/M_Tech_Hex_Tile_Pulse.uasset" 693
"../../../../../../Unreal Projects/Baseball_Prototype/Content/StarterContent/Materials/M_Tech_Hex_Tile.uasset" 694
"../../../../../../Unreal Projects/Baseball_Prototype/Content/StarterContent/Textures/T_Tech_Dot_N.uasset" 695
"../../../../../../Unreal Projects/Baseball_Prototype/Content/StarterContent/Textures/T_Tech_Dot_M.uasset" 696
"../../../../../../Unreal Projects/Baseball_Prototype/Content/StarterContent/Textures/T_Single_Tile_N.uasset" 697
"../../../../../../Unreal Projects/Baseball_Prototype/Content/StarterContent/Textures/T_Checker_Noise_M.uasset" 698
"../../../../../../Unreal Projects/Baseball_Prototype/Content/StarterContent/Materials/M_Tech_Checker_Dot.uasset" 699
"../../../../../../Unreal Projects/Baseball_Prototype/Content/StarterContent/Textures/T_Rock_Slate_N.uasset" 700
"../../../../../../Unreal Projects/Baseball_Prototype/Content/StarterContent/Textures/T_Rock_Slate_D.uasset" 701
"../../../../../../Unreal Projects/Baseball_Prototype/Content/StarterContent/Materials/M_Rock_Slate.uasset" 702
"../../../../../../Unreal Projects/Baseball_Prototype/Content/StarterContent/Textures/T_Rock_Sandstone_N.uasset" 703
"../../../../../../Unreal Projects/Baseball_Prototype/Content/StarterContent/Textures/T_Rock_Sandstone_D.uasset" 704
"../../../../../../Unreal Projects/Baseball_Prototype/Content/StarterContent/Materials/M_Rock_Sandstone.uasset" 705
"../../../../../../Unreal Projects/Baseball_Prototype/Content/StarterContent/Materials/M_Rock_Marble_Polished.uasset" 706
"../../../../../../Unreal Projects/Baseball_Prototype/Content/StarterContent/Textures/T_Rock_Basalt_N.uasset" 707
"../../../../../../Unreal Projects/Baseball_Prototype/Content/StarterContent/Materials/M_Rock_Basalt.uasset" 708
"../../../../../../Unreal Projects/Baseball_Prototype/Content/StarterContent/Textures/T_Metal_Steel_N.uasset" 709
"../../../../../../Unreal Projects/Baseball_Prototype/Content/StarterContent/Materials/M_Metal_Steel.uasset" 710
"../../../../../../Unreal Projects/Baseball_Prototype/Content/StarterContent/Textures/T_Metal_Rust_D.uasset" 711
"../../../../../../Unreal Projects/Baseball_Prototype/Content/StarterContent/Materials/M_Metal_Rust.uasset" 712
"../../../../../../Unreal Projects/Baseball_Prototype/Content/StarterContent/Textures/T_Metal_Gold_D.uasset" 713
"../../../../../../Unreal Projects/Baseball_Prototype/Content/StarterContent/Materials/M_Metal_Gold.uasset" 714
"../../../../../../Unreal Projects/Baseball_Prototype/Content/StarterContent/Materials/M_Metal_Chrome.uasset" 715
"../../../../../../Unreal Projects/Baseball_Prototype/Content/StarterContent/Textures/T_Ground_Moss_N.uasset" 716
"../../../../../../Unreal Projects/Baseball_Prototype/Content/StarterContent/Textures/T_ground_Moss_D.uasset" 717
"../../../../../../Unreal Projects/Baseball_Prototype/Content/StarterContent/Materials/M_Ground_Moss.uasset" 718
"../../../../../../Unreal Projects/Baseball_Prototype/Content/StarterContent/Textures/T_Ground_Gravel_N.uasset" 719
"../../../../../../Unreal Projects/Baseball_Prototype/Content/StarterContent/Textures/T_Ground_Gravel_D.uasset" 720
"../../../../../../Unreal Projects/Baseball_Prototype/Content/StarterContent/Materials/M_Ground_Gravel.uasset" 721
"../../../../../../Unreal Projects/Baseball_Prototype/Content/StarterContent/Textures/T_Ground_Grass_N.uasset" 722
"../../../../../../Unreal Projects/Baseball_Prototype/Content/StarterContent/Textures/T_Ground_Grass_D.uasset" 723
"../../../../../../Unreal Projects/Baseball_Prototype/Content/StarterContent/Materials/M_Ground_Grass.uasset" 724
"../../../../../../Unreal Projects/Baseball_Prototype/Content/StarterContent/Textures/T_Concrete_Tiles_Variation_M.uasset" 725
"../../../../../../Unreal Projects/Baseball_Prototype/Content/StarterContent/Textures/T_Concrete_Tiles_N.uasset" 726
"../../../../../../Unreal Projects/Baseball_Prototype/Content/StarterContent/Textures/T_Concrete_Tiles_M.uasset" 727
"../../../../../../Unreal Projects/Baseball_Prototype/Content/StarterContent/Textures/T_Concrete_Tiles_D.uasset" 728
"../../../../../../Unreal Projects/Baseball_Prototype/Content/StarterContent/Materials/M_Concrete_Tiles.uasset" 729
"../../../../../../Unreal Projects/Baseball_Prototype/Content/StarterContent/Textures/T_Concrete_Poured_N.uasset" 730
"../../../../../../Unreal Projects/Baseball_Prototype/Content/StarterContent/Textures/T_Concrete_Poured_D.uasset" 731
"../../../../../../Unreal Projects/Baseball_Prototype/Content/StarterContent/Materials/M_Concrete_Poured.uasset" 732
"../../../../../../Unreal Projects/Baseball_Prototype/Content/StarterContent/Textures/T_Concrete_Panels_N.uasset" 733
"../../../../../../Unreal Projects/Baseball_Prototype/Content/StarterContent/Textures/T_Concrete_Panels_D.uasset" 734
"../../../../../../Unreal Projects/Baseball_Prototype/Content/StarterContent/Materials/M_Concrete_Panels.uasset" 735
"../../../../../../Unreal Projects/Baseball_Prototype/Content/StarterContent/Audio/Collapse_Cue.uasset" 736
"../../../../../../Unreal Projects/Baseball_Prototype/Content/StarterContent/Architecture/Wall_Window_400x300.uasset" 737
"../../../../../../Unreal Projects/Baseball_Prototype/Content/StarterContent/Architecture/Wall_Door_400x300.uasset" 738
"../../../../../../Unreal Projects/Baseball_Prototype/Content/StarterContent/Architecture/Wall_400x200.uasset" 739
"../../../../../../Unreal Projects/Baseball_Prototype/Content/StarterContent/Maps/StarterMap.umap" 740
"../../../Engine/Content/BasicShapes/BasicShapeMaterial_2.uasset" 741
"../../../../../../Unreal Projects/Baseball_Prototype/Content/Blueprints/BP_Thrower.uasset" 742
"../../../../../../Unreal Projects/Baseball_Prototype/Content/Geometry/Meshes/TemplateFloor.uasset" 743
"../../../../../../Unreal Projects/Baseball_Prototype/Content/Geometry/Meshes/1M_Cube.uasset" 744
"../../../../../../Unreal Projects/Baseball_Prototype/Content/ThirdPersonBP/Maps/PowerIKTest.umap" 745
"../../../../../../Unreal Projects/Baseball_Prototype/Content/Blueprints/BaseballOutline.uasset" 746
"../../../../../../Unreal Projects/Baseball_Prototype/Content/ThirdPersonBP/Maps/ThirdPersonExampleMap_BuiltData.uasset" 747
"../../../../../../Unreal Projects/Baseball_Prototype/Content/ThirdPersonBP/Maps/ThirdPersonExampleMap.umap" 748
"../../../Engine/Content/Maps/Entry_BuiltData.uasset" 749
"../../../Engine/Content/Maps/Entry.umap" 750
